<?xml version="1.0" encoding="UTF-8"?>
<!-- Generated by org.testng.reporters.JUnitReportReporter -->
<testsuite hostname="LAPTOP-2BENSP47" failures="0" tests="1" name="com.myWorld.automation.PositiveTest" time="10.909" errors="0" timestamp="2023-02-12T12:36:11 IST" skipped="0">
  <testcase classname="com.myWorld.automation.PositiveTest" name="verifyWelcomePage" time="10.909"/>
  <system-out/>
</testsuite> <!-- com.myWorld.automation.PositiveTest -->
